<?xml version="1.0" encoding="UTF-8"?>
<!-- Generated by org.testng.reporters.JUnitXMLReporter -->
<testsuite ignored="0" hostname="User" failures="0" tests="3" name="Default test" time="97.002" errors="0" timestamp="2022-08-20T21:35:19 EDT">
  <testcase classname="testPkg.SearchFunctionalityTest" name="postiveSearchFuntionalityTest" time="8.467"/>
  <testcase classname="testPkg.SearchFunctionalityTest" name="postiveSearchFuntionalityTest" time="12.588"/>
  <testcase classname="testPkg.SearchFunctionalityTest" name="postiveSearchFuntionalityTest" time="9.649"/>
</testsuite> <!-- Default test -->
