<?xml version="1.0" encoding="UTF-8"?>
<testng-results ignored="0" total="3" passed="3" failed="0" skipped="0">
  <reporter-output>
  </reporter-output>
  <suite started-at="2022-08-20T21:33:42 EDT" name="Default suite" finished-at="2022-08-20T21:35:19 EDT" duration-ms="97002">
    <groups>
    </groups>
    <test started-at="2022-08-20T21:33:42 EDT" name="Default test" finished-at="2022-08-20T21:35:19 EDT" duration-ms="97002">
      <class name="testPkg.SearchFunctionalityTest">
        <test-method is-config="true" signature="loadBrowser()[pri:0, instance:testPkg.SearchFunctionalityTest@73700b80]" started-at="2022-08-20T21:33:42 EDT" name="loadBrowser" finished-at="2022-08-20T21:34:12 EDT" duration-ms="30408" status="PASS">
          <reporter-output>
          </reporter-output>
        </test-method> <!-- loadBrowser -->
        <test-method signature="postiveSearchFuntionalityTest(java.lang.String)[pri:0, instance:testPkg.SearchFunctionalityTest@73700b80]" started-at="2022-08-20T21:34:12 EDT" name="postiveSearchFuntionalityTest" data-provider="positiveSearchData" finished-at="2022-08-20T21:34:21 EDT" duration-ms="8467" status="PASS">
          <params>
            <param index="0">
              <value>
                <![CDATA[apple]]>
              </value>
            </param>
          </params>
          <reporter-output>
          </reporter-output>
        </test-method> <!-- postiveSearchFuntionalityTest -->
        <test-method is-config="true" signature="closeBroswer()[pri:0, instance:testPkg.SearchFunctionalityTest@73700b80]" started-at="2022-08-20T21:34:21 EDT" name="closeBroswer" finished-at="2022-08-20T21:34:23 EDT" duration-ms="2699" status="PASS">
          <reporter-output>
          </reporter-output>
        </test-method> <!-- closeBroswer -->
        <test-method is-config="true" signature="loadBrowser()[pri:0, instance:testPkg.SearchFunctionalityTest@73700b80]" started-at="2022-08-20T21:34:23 EDT" name="loadBrowser" finished-at="2022-08-20T21:34:39 EDT" duration-ms="16029" status="PASS">
          <reporter-output>
          </reporter-output>
        </test-method> <!-- loadBrowser -->
        <test-method signature="postiveSearchFuntionalityTest(java.lang.String)[pri:0, instance:testPkg.SearchFunctionalityTest@73700b80]" started-at="2022-08-20T21:34:39 EDT" name="postiveSearchFuntionalityTest" data-provider="positiveSearchData" finished-at="2022-08-20T21:34:52 EDT" duration-ms="12588" status="PASS">
          <params>
            <param index="0">
              <value>
                <![CDATA[orange]]>
              </value>
            </param>
          </params>
          <reporter-output>
          </reporter-output>
        </test-method> <!-- postiveSearchFuntionalityTest -->
        <test-method is-config="true" signature="closeBroswer()[pri:0, instance:testPkg.SearchFunctionalityTest@73700b80]" started-at="2022-08-20T21:34:52 EDT" name="closeBroswer" finished-at="2022-08-20T21:34:53 EDT" duration-ms="1474" status="PASS">
          <reporter-output>
          </reporter-output>
        </test-method> <!-- closeBroswer -->
        <test-method is-config="true" signature="loadBrowser()[pri:0, instance:testPkg.SearchFunctionalityTest@73700b80]" started-at="2022-08-20T21:34:53 EDT" name="loadBrowser" finished-at="2022-08-20T21:35:07 EDT" duration-ms="13405" status="PASS">
          <reporter-output>
          </reporter-output>
        </test-method> <!-- loadBrowser -->
        <test-method signature="postiveSearchFuntionalityTest(java.lang.String)[pri:0, instance:testPkg.SearchFunctionalityTest@73700b80]" started-at="2022-08-20T21:35:07 EDT" name="postiveSearchFuntionalityTest" data-provider="positiveSearchData" finished-at="2022-08-20T21:35:17 EDT" duration-ms="9649" status="PASS">
          <params>
            <param index="0">
              <value>
                <![CDATA[samsung]]>
              </value>
            </param>
          </params>
          <reporter-output>
          </reporter-output>
        </test-method> <!-- postiveSearchFuntionalityTest -->
        <test-method is-config="true" signature="closeBroswer()[pri:0, instance:testPkg.SearchFunctionalityTest@73700b80]" started-at="2022-08-20T21:35:17 EDT" name="closeBroswer" finished-at="2022-08-20T21:35:19 EDT" duration-ms="2048" status="PASS">
          <reporter-output>
          </reporter-output>
        </test-method> <!-- closeBroswer -->
      </class> <!-- testPkg.SearchFunctionalityTest -->
    </test> <!-- Default test -->
  </suite> <!-- Default suite -->
</testng-results>
